app/build/intermediates/manifest_merge_blame_file/debug/processDebugMainManifest/manifest-merger-blame-debug-report.txt
1<?xml version="1.0" encoding="utf-8"?>
2<manifest xmlns:android="http://schemas.android.com/apk/res/android"
3    package="cv.wallima.a56toolkit"
4    android:versionCode="8"
5    android:versionName="3.0" >
6
7    <uses-sdk
8        android:minSdkVersion="26"
9        android:targetSdkVersion="35" />
10
11    <uses-permission android:name="android.permission.SET_WALLPAPER" />
11-->src\main\AndroidManifest.xml:3:5-72
11-->src\main\AndroidManifest.xml:3:22-69
12
13    <queries>
13-->src\main\AndroidManifest.xml:4:5-9:15
14        <package android:name="com.android.settings" />
14-->src\main\AndroidManifest.xml:5:9-56
14-->src\main\AndroidManifest.xml:5:18-53
15        <package android:name="com.android.systemui" />
15-->src\main\AndroidManifest.xml:6:9-56
15-->src\main\AndroidManifest.xml:6:18-53
16        <package android:name="com.samsung.android.smartmirroring" />
16-->src\main\AndroidManifest.xml:7:9-70
16-->src\main\AndroidManifest.xml:7:18-67
17
18        <intent>
18-->src\main\AndroidManifest.xml:8:9-82
19            <action android:name="android.settings.CAST_SETTINGS" />
19-->src\main\AndroidManifest.xml:8:17-73
19-->src\main\AndroidManifest.xml:8:25-70
20        </intent>
21    </queries>
22
23    <permission
23-->[androidx.core:core:1.13.0] AndroidManifest.xml:22:5-24:47
24        android:name="cv.wallima.a56toolkit.DYNAMIC_RECEIVER_NOT_EXPORTED_PERMISSION"
24-->[androidx.core:core:1.13.0] AndroidManifest.xml:23:9-81
25        android:protectionLevel="signature" />
25-->[androidx.core:core:1.13.0] AndroidManifest.xml:24:9-44
26
27    <uses-permission android:name="cv.wallima.a56toolkit.DYNAMIC_RECEIVER_NOT_EXPORTED_PERMISSION" />
27-->[androidx.core:core:1.13.0] AndroidManifest.xml:26:5-97
27-->[androidx.core:core:1.13.0] AndroidManifest.xml:26:22-94
28
29    <application
29-->src\main\AndroidManifest.xml:11:5-32:19
30        android:allowBackup="true"
30-->src\main\AndroidManifest.xml:12:9-35
31        android:appComponentFactory="androidx.core.app.CoreComponentFactory"
31-->[androidx.core:core:1.13.0] AndroidManifest.xml:28:18-86
32        android:debuggable="true"
33        android:extractNativeLibs="false"
34        android:icon="@mipmap/ic_launcher"
34-->src\main\AndroidManifest.xml:13:9-43
35        android:label="Galaxy DeX Toolkit"
35-->src\main\AndroidManifest.xml:15:9-43
36        android:roundIcon="@mipmap/ic_launcher_round"
36-->src\main\AndroidManifest.xml:14:9-54
37        android:supportsRtl="true"
37-->src\main\AndroidManifest.xml:16:9-35
38        android:theme="@style/Theme.A56Toolkit" >
38-->src\main\AndroidManifest.xml:17:9-48
39        <activity android:name="cv.wallima.a56toolkit.DexScannerActivity" />
39-->src\main\AndroidManifest.xml:18:9-56
39-->src\main\AndroidManifest.xml:18:19-53
40        <activity android:name="cv.wallima.a56toolkit.DexTouchpadActivity" />
40-->src\main\AndroidManifest.xml:19:9-57
40-->src\main\AndroidManifest.xml:19:19-54
41        <activity android:name="cv.wallima.a56toolkit.InputDevicesActivity" />
41-->src\main\AndroidManifest.xml:20:9-58
41-->src\main\AndroidManifest.xml:20:19-55
42        <activity android:name="cv.wallima.a56toolkit.WallpaperActivity" />
42-->src\main\AndroidManifest.xml:21:9-55
42-->src\main\AndroidManifest.xml:21:19-52
43        <activity android:name="cv.wallima.a56toolkit.ActivityExplorerActivity" />
43-->src\main\AndroidManifest.xml:22:9-62
43-->src\main\AndroidManifest.xml:22:19-59
44        <activity android:name="cv.wallima.a56toolkit.HiddenSettingsActivity" />
44-->src\main\AndroidManifest.xml:23:9-60
44-->src\main\AndroidManifest.xml:23:19-57
45        <activity android:name="cv.wallima.a56toolkit.DeviceInfoActivity" />
45-->src\main\AndroidManifest.xml:24:9-56
45-->src\main\AndroidManifest.xml:24:19-53
46        <activity android:name="cv.wallima.a56toolkit.DesktopToolsActivity" />
46-->src\main\AndroidManifest.xml:25:9-58
46-->src\main\AndroidManifest.xml:25:19-55
47        <activity
47-->src\main\AndroidManifest.xml:26:9-31:20
48            android:name="cv.wallima.a56toolkit.MainActivity"
48-->src\main\AndroidManifest.xml:26:19-47
49            android:exported="true" >
49-->src\main\AndroidManifest.xml:26:48-71
50            <intent-filter>
50-->src\main\AndroidManifest.xml:27:13-30:29
51                <action android:name="android.intent.action.MAIN" />
51-->src\main\AndroidManifest.xml:28:17-69
51-->src\main\AndroidManifest.xml:28:25-66
52
53                <category android:name="android.intent.category.LAUNCHER" />
53-->src\main\AndroidManifest.xml:29:17-77
53-->src\main\AndroidManifest.xml:29:27-74
54            </intent-filter>
55        </activity>
56
57        <provider
57-->[androidx.emoji2:emoji2:1.3.0] AndroidManifest.xml:24:9-32:20
58            android:name="androidx.startup.InitializationProvider"
58-->[androidx.emoji2:emoji2:1.3.0] AndroidManifest.xml:25:13-67
59            android:authorities="cv.wallima.a56toolkit.androidx-startup"
59-->[androidx.emoji2:emoji2:1.3.0] AndroidManifest.xml:26:13-68
60            android:exported="false" >
60-->[androidx.emoji2:emoji2:1.3.0] AndroidManifest.xml:27:13-37
61            <meta-data
61-->[androidx.emoji2:emoji2:1.3.0] AndroidManifest.xml:29:13-31:52
62                android:name="androidx.emoji2.text.EmojiCompatInitializer"
62-->[androidx.emoji2:emoji2:1.3.0] AndroidManifest.xml:30:17-75
63                android:value="androidx.startup" />
63-->[androidx.emoji2:emoji2:1.3.0] AndroidManifest.xml:31:17-49
64            <meta-data
64-->[androidx.lifecycle:lifecycle-process:2.6.2] AndroidManifest.xml:29:13-31:52
65                android:name="androidx.lifecycle.ProcessLifecycleInitializer"
65-->[androidx.lifecycle:lifecycle-process:2.6.2] AndroidManifest.xml:30:17-78
66                android:value="androidx.startup" />
66-->[androidx.lifecycle:lifecycle-process:2.6.2] AndroidManifest.xml:31:17-49
67            <meta-data
67-->[androidx.profileinstaller:profileinstaller:1.4.0] AndroidManifest.xml:29:13-31:52
68                android:name="androidx.profileinstaller.ProfileInstallerInitializer"
68-->[androidx.profileinstaller:profileinstaller:1.4.0] AndroidManifest.xml:30:17-85
69                android:value="androidx.startup" />
69-->[androidx.profileinstaller:profileinstaller:1.4.0] AndroidManifest.xml:31:17-49
70        </provider>
71
72        <receiver
72-->[androidx.profileinstaller:profileinstaller:1.4.0] AndroidManifest.xml:34:9-52:20
73            android:name="androidx.profileinstaller.ProfileInstallReceiver"
73-->[androidx.profileinstaller:profileinstaller:1.4.0] AndroidManifest.xml:35:13-76
74            android:directBootAware="false"
74-->[androidx.profileinstaller:profileinstaller:1.4.0] AndroidManifest.xml:36:13-44
75            android:enabled="true"
75-->[androidx.profileinstaller:profileinstaller:1.4.0] AndroidManifest.xml:37:13-35
76            android:exported="true"
76-->[androidx.profileinstaller:profileinstaller:1.4.0] AndroidManifest.xml:38:13-36
77            android:permission="android.permission.DUMP" >
77-->[androidx.profileinstaller:profileinstaller:1.4.0] AndroidManifest.xml:39:13-57
78            <intent-filter>
78-->[androidx.profileinstaller:profileinstaller:1.4.0] AndroidManifest.xml:40:13-42:29
79                <action android:name="androidx.profileinstaller.action.INSTALL_PROFILE" />
79-->[androidx.profileinstaller:profileinstaller:1.4.0] AndroidManifest.xml:41:17-91
79-->[androidx.profileinstaller:profileinstaller:1.4.0] AndroidManifest.xml:41:25-88
80            </intent-filter>
81            <intent-filter>
81-->[androidx.profileinstaller:profileinstaller:1.4.0] AndroidManifest.xml:43:13-45:29
82                <action android:name="androidx.profileinstaller.action.SKIP_FILE" />
82-->[androidx.profileinstaller:profileinstaller:1.4.0] AndroidManifest.xml:44:17-85
82-->[androidx.profileinstaller:profileinstaller:1.4.0] AndroidManifest.xml:44:25-82
83            </intent-filter>
84            <intent-filter>
84-->[androidx.profileinstaller:profileinstaller:1.4.0] AndroidManifest.xml:46:13-48:29
85                <action android:name="androidx.profileinstaller.action.SAVE_PROFILE" />
85-->[androidx.profileinstaller:profileinstaller:1.4.0] AndroidManifest.xml:47:17-88
85-->[androidx.profileinstaller:profileinstaller:1.4.0] AndroidManifest.xml:47:25-85
86            </intent-filter>
87            <intent-filter>
87-->[androidx.profileinstaller:profileinstaller:1.4.0] AndroidManifest.xml:49:13-51:29
88                <action android:name="androidx.profileinstaller.action.BENCHMARK_OPERATION" />
88-->[androidx.profileinstaller:profileinstaller:1.4.0] AndroidManifest.xml:50:17-95
88-->[androidx.profileinstaller:profileinstaller:1.4.0] AndroidManifest.xml:50:25-92
89            </intent-filter>
90        </receiver>
91    </application>
92
93</manifest>